<?xml version="1.0" encoding="UTF-8"?>
<!-- Generated by org.testng.reporters.JUnitXMLReporter -->
<testsuite ignored="0" hostname="PAVILION" failures="0" tests="3" name="Default test" time="55.833" errors="0" timestamp="2026-06-03T16:59:02 IST">
  <testcase classname="com.tests.CartTest" name="verifyProductInCart" time="0.068"/>
  <testcase classname="com.tests.CartTest" name="verifyCheckoutFlow" time="1.007"/>
  <testcase classname="com.tests.CartTest" name="verifyRemoveProductFromCart" time="21.774"/>
</testsuite> <!-- Default test -->
