<?xml version="1.0" encoding="UTF-8"?>
<!-- Generated by org.testng.reporters.JUnitXMLReporter -->
<testsuite ignored="0" hostname="PAVILION" failures="0" tests="3" name="Cart Tests" time="9.012" errors="0" timestamp="2026-06-03T18:18:36 IST">
  <testcase classname="com.tests.CartTest" name="verifyProductInCart" time="0.04"/>
  <testcase classname="com.tests.CartTest" name="verifyCheckoutFlow" time="1.034"/>
  <testcase classname="com.tests.CartTest" name="verifyRemoveProductFromCart" time="1.18"/>
</testsuite> <!-- Cart Tests -->
