<?xml version="1.0" encoding="UTF-8"?>
<!-- Generated by org.testng.reporters.JUnitXMLReporter -->
<testsuite ignored="0" hostname="PAVILION" failures="0" tests="4" name="Login Tests" time="18.596" errors="0" timestamp="2026-06-03T18:18:22 IST">
  <testcase classname="com.tests.LoginTest" name="validLoginTest" time="0.804"/>
  <testcase classname="com.tests.LoginTest" name="validLoginTest" time="0.606"/>
  <testcase classname="com.tests.LoginTest" name="validLoginTest" time="0.591"/>
  <testcase classname="com.tests.LoginTest" name="validLoginTest" time="0.565"/>
</testsuite> <!-- Login Tests -->
