<?xml version="1.0" encoding="UTF-8"?>
<testng-results ignored="0" total="12" passed="12" failed="0" skipped="0">
  <reporter-output>
  </reporter-output>
  <suite started-at="2026-06-03T18:18:03 IST" name="ECommerce Test Suite" finished-at="2026-06-03T18:18:36 IST" duration-ms="33837">
    <groups>
    </groups>
    <test started-at="2026-06-03T18:18:03 IST" name="Login Tests" finished-at="2026-06-03T18:18:21 IST" duration-ms="18596">
      <class name="com.tests.LoginTest">
        <test-method is-config="true" signature="setup()[pri:0, instance:com.tests.LoginTest@7a8c8dcf]" started-at="2026-06-03T18:18:03 IST" name="setup" finished-at="2026-06-03T18:18:17 IST" duration-ms="14261" status="PASS">
          <reporter-output>
          </reporter-output>
        </test-method> <!-- setup -->
        <test-method is-config="true" signature="initPage()[pri:0, instance:com.tests.LoginTest@7a8c8dcf]" started-at="2026-06-03T18:18:17 IST" name="initPage" finished-at="2026-06-03T18:18:18 IST" duration-ms="1297" status="PASS">
          <reporter-output>
          </reporter-output>
        </test-method> <!-- initPage -->
        <test-method signature="validLoginTest(java.lang.String,java.lang.String,java.lang.String)[pri:1, instance:com.tests.LoginTest@7a8c8dcf]" started-at="2026-06-03T18:18:18 IST" name="validLoginTest" data-provider="loginData" finished-at="2026-06-03T18:18:19 IST" duration-ms="804" status="PASS">
          <params>
            <param index="0">
              <value>
                <![CDATA[standard_user]]>
              </value>
            </param>
            <param index="1">
              <value>
                <![CDATA[secret_sauce]]>
              </value>
            </param>
            <param index="2">
              <value>
                <![CDATA[success]]>
              </value>
            </param>
          </params>
          <reporter-output>
          </reporter-output>
        </test-method> <!-- validLoginTest -->
        <test-method signature="validLoginTest(java.lang.String,java.lang.String,java.lang.String)[pri:1, instance:com.tests.LoginTest@7a8c8dcf]" started-at="2026-06-03T18:18:19 IST" name="validLoginTest" data-provider="loginData" finished-at="2026-06-03T18:18:20 IST" duration-ms="606" status="PASS">
          <params>
            <param index="0">
              <value>
                <![CDATA[wrong_user]]>
              </value>
            </param>
            <param index="1">
              <value>
                <![CDATA[wrong_pass]]>
              </value>
            </param>
            <param index="2">
              <value>
                <![CDATA[failure]]>
              </value>
            </param>
          </params>
          <reporter-output>
          </reporter-output>
        </test-method> <!-- validLoginTest -->
        <test-method signature="validLoginTest(java.lang.String,java.lang.String,java.lang.String)[pri:1, instance:com.tests.LoginTest@7a8c8dcf]" started-at="2026-06-03T18:18:20 IST" name="validLoginTest" data-provider="loginData" finished-at="2026-06-03T18:18:20 IST" duration-ms="591" status="PASS">
          <params>
            <param index="0">
              <value>
                <![CDATA[standard_user]]>
              </value>
            </param>
            <param index="1">
              <value>
                <![CDATA[wrong_pass]]>
              </value>
            </param>
            <param index="2">
              <value>
                <![CDATA[failure]]>
              </value>
            </param>
          </params>
          <reporter-output>
          </reporter-output>
        </test-method> <!-- validLoginTest -->
        <test-method signature="validLoginTest(java.lang.String,java.lang.String,java.lang.String)[pri:1, instance:com.tests.LoginTest@7a8c8dcf]" started-at="2026-06-03T18:18:20 IST" name="validLoginTest" data-provider="loginData" finished-at="2026-06-03T18:18:21 IST" duration-ms="565" status="PASS">
          <params>
            <param index="0">
              <value>
                <![CDATA[]]>
              </value>
            </param>
            <param index="1">
              <value>
                <![CDATA[]]>
              </value>
            </param>
            <param index="2">
              <value>
                <![CDATA[failure]]>
              </value>
            </param>
          </params>
          <reporter-output>
          </reporter-output>
        </test-method> <!-- validLoginTest -->
        <test-method is-config="true" signature="teardown()[pri:0, instance:com.tests.LoginTest@7a8c8dcf]" started-at="2026-06-03T18:18:21 IST" name="teardown" finished-at="2026-06-03T18:18:21 IST" duration-ms="374" status="PASS">
          <reporter-output>
          </reporter-output>
        </test-method> <!-- teardown -->
      </class> <!-- com.tests.LoginTest -->
    </test> <!-- Login Tests -->
    <test started-at="2026-06-03T18:18:22 IST" name="Product Tests" finished-at="2026-06-03T18:18:27 IST" duration-ms="5601">
      <class name="com.tests.ProductTest">
        <test-method is-config="true" signature="setup()[pri:0, instance:com.tests.ProductTest@75db5df9]" started-at="2026-06-03T18:18:22 IST" name="setup" finished-at="2026-06-03T18:18:25 IST" duration-ms="3760" status="PASS">
          <reporter-output>
          </reporter-output>
        </test-method> <!-- setup -->
        <test-method is-config="true" signature="initPage()[pri:0, instance:com.tests.ProductTest@75db5df9]" started-at="2026-06-03T18:18:25 IST" name="initPage" finished-at="2026-06-03T18:18:26 IST" duration-ms="648" status="PASS">
          <reporter-output>
          </reporter-output>
        </test-method> <!-- initPage -->
        <test-method signature="verifyProductPageLoaded()[pri:1, instance:com.tests.ProductTest@75db5df9]" started-at="2026-06-03T18:18:26 IST" name="verifyProductPageLoaded" finished-at="2026-06-03T18:18:26 IST" duration-ms="15" status="PASS">
          <reporter-output>
          </reporter-output>
        </test-method> <!-- verifyProductPageLoaded -->
        <test-method signature="verifyProductCount()[pri:2, instance:com.tests.ProductTest@75db5df9]" started-at="2026-06-03T18:18:26 IST" name="verifyProductCount" finished-at="2026-06-03T18:18:26 IST" duration-ms="34" status="PASS">
          <reporter-output>
          </reporter-output>
        </test-method> <!-- verifyProductCount -->
        <test-method signature="verifySortByPriceLowToHigh()[pri:3, instance:com.tests.ProductTest@75db5df9]" started-at="2026-06-03T18:18:26 IST" name="verifySortByPriceLowToHigh" finished-at="2026-06-03T18:18:26 IST" duration-ms="339" status="PASS">
          <reporter-output>
          </reporter-output>
        </test-method> <!-- verifySortByPriceLowToHigh -->
        <test-method signature="verifyAddToCart()[pri:4, instance:com.tests.ProductTest@75db5df9]" started-at="2026-06-03T18:18:26 IST" name="verifyAddToCart" finished-at="2026-06-03T18:18:27 IST" duration-ms="183" status="PASS">
          <reporter-output>
          </reporter-output>
        </test-method> <!-- verifyAddToCart -->
        <test-method signature="addSpecificProductToCart()[pri:5, instance:com.tests.ProductTest@75db5df9]" started-at="2026-06-03T18:18:27 IST" name="addSpecificProductToCart" finished-at="2026-06-03T18:18:27 IST" duration-ms="315" status="PASS">
          <reporter-output>
          </reporter-output>
        </test-method> <!-- addSpecificProductToCart -->
        <test-method is-config="true" signature="teardown()[pri:0, instance:com.tests.ProductTest@75db5df9]" started-at="2026-06-03T18:18:27 IST" name="teardown" finished-at="2026-06-03T18:18:27 IST" duration-ms="282" status="PASS">
          <reporter-output>
          </reporter-output>
        </test-method> <!-- teardown -->
      </class> <!-- com.tests.ProductTest -->
    </test> <!-- Product Tests -->
    <test started-at="2026-06-03T18:18:27 IST" name="Cart Tests" finished-at="2026-06-03T18:18:36 IST" duration-ms="9012">
      <class name="com.tests.CartTest">
        <test-method is-config="true" signature="setup()[pri:0, instance:com.tests.CartTest@291caca8]" started-at="2026-06-03T18:18:27 IST" name="setup" finished-at="2026-06-03T18:18:33 IST" duration-ms="5440" status="PASS">
          <reporter-output>
          </reporter-output>
        </test-method> <!-- setup -->
        <test-method is-config="true" signature="initPage()[pri:0, instance:com.tests.CartTest@291caca8]" started-at="2026-06-03T18:18:33 IST" name="initPage" finished-at="2026-06-03T18:18:34 IST" duration-ms="1016" status="PASS">
          <reporter-output>
          </reporter-output>
        </test-method> <!-- initPage -->
        <test-method signature="verifyProductInCart()[pri:1, instance:com.tests.CartTest@291caca8]" started-at="2026-06-03T18:18:34 IST" name="verifyProductInCart" finished-at="2026-06-03T18:18:34 IST" duration-ms="40" status="PASS">
          <reporter-output>
          </reporter-output>
        </test-method> <!-- verifyProductInCart -->
        <test-method signature="verifyCheckoutFlow()[pri:2, instance:com.tests.CartTest@291caca8]" started-at="2026-06-03T18:18:34 IST" name="verifyCheckoutFlow" finished-at="2026-06-03T18:18:35 IST" duration-ms="1034" status="PASS">
          <reporter-output>
          </reporter-output>
        </test-method> <!-- verifyCheckoutFlow -->
        <test-method signature="verifyRemoveProductFromCart()[pri:3, instance:com.tests.CartTest@291caca8]" started-at="2026-06-03T18:18:35 IST" name="verifyRemoveProductFromCart" finished-at="2026-06-03T18:18:36 IST" duration-ms="1180" status="PASS">
          <reporter-output>
          </reporter-output>
        </test-method> <!-- verifyRemoveProductFromCart -->
        <test-method is-config="true" signature="teardown()[pri:0, instance:com.tests.CartTest@291caca8]" started-at="2026-06-03T18:18:36 IST" name="teardown" finished-at="2026-06-03T18:18:36 IST" duration-ms="288" status="PASS">
          <reporter-output>
          </reporter-output>
        </test-method> <!-- teardown -->
      </class> <!-- com.tests.CartTest -->
    </test> <!-- Cart Tests -->
  </suite> <!-- ECommerce Test Suite -->
</testng-results>
