<?xml version="1.0" encoding="UTF-8"?>
<!-- Generated by org.testng.reporters.JUnitReportReporter -->
<testsuite hostname="PAVILION" failures="0" tests="3" name="com.tests.CartTest" time="2.254" errors="0" timestamp="2026-06-03T18:18:37 IST" skipped="0">
  <testcase classname="com.tests.CartTest" name="verifyProductInCart" time="0.040"/>
  <testcase classname="com.tests.CartTest" name="verifyCheckoutFlow" time="1.034"/>
  <testcase classname="com.tests.CartTest" name="verifyRemoveProductFromCart" time="1.180"/>
</testsuite> <!-- com.tests.CartTest -->
