<?xml version="1.0" encoding="UTF-8"?>
<!-- Generated by org.testng.reporters.JUnitReportReporter -->
<testsuite hostname="PAVILION" failures="0" tests="5" name="com.tests.ProductTest" time="0.886" errors="0" timestamp="2026-06-03T18:18:37 IST" skipped="0">
  <testcase classname="com.tests.ProductTest" name="verifyProductPageLoaded" time="0.015"/>
  <testcase classname="com.tests.ProductTest" name="verifyProductCount" time="0.034"/>
  <testcase classname="com.tests.ProductTest" name="verifySortByPriceLowToHigh" time="0.339"/>
  <testcase classname="com.tests.ProductTest" name="verifyAddToCart" time="0.183"/>
  <testcase classname="com.tests.ProductTest" name="addSpecificProductToCart" time="0.315"/>
</testsuite> <!-- com.tests.ProductTest -->
