<?xml version="1.0" encoding="UTF-8"?>
<!-- Generated by org.testng.reporters.JUnitReportReporter -->
<testsuite hostname="PAVILION" failures="0" tests="4" name="com.tests.LoginTest" time="2.566" errors="0" timestamp="2026-06-03T18:18:37 IST" skipped="0">
  <testcase classname="com.tests.LoginTest" name="validLoginTest" time="0.804"/>
  <testcase classname="com.tests.LoginTest" name="validLoginTest" time="0.591"/>
  <testcase classname="com.tests.LoginTest" name="validLoginTest" time="0.606"/>
  <testcase classname="com.tests.LoginTest" name="validLoginTest" time="0.565"/>
</testsuite> <!-- com.tests.LoginTest -->
